<?xml version="1.0" encoding="UTF-8"?>
<testsuites>
  <testsuite name="CLI Arguments" tests="48" assertions="78" errors="0" failures="0" skipped="0" time="3.740956">
    <testsuite name="Tests\Unit\User\UserTest" file="D:\6 Semester\AST\Project\tests\unit\User\UserTest.php" tests="5" assertions="9" errors="0" failures="0" skipped="0" time="1.416046">
      <testcase name="test_user_is_created_successfully_with_valid_data" file="D:\6 Semester\AST\Project\tests\unit\User\UserTest.php" line="16" class="Tests\Unit\User\UserTest" classname="Tests.Unit.User.UserTest" assertions="3" time="1.157539"/>
      <testcase name="test_user_creation_fails_with_duplicate_email" file="D:\6 Semester\AST\Project\tests\unit\User\UserTest.php" line="32" class="Tests\Unit\User\UserTest" classname="Tests.Unit.User.UserTest" assertions="1" time="0.082611"/>
      <testcase name="test_password_is_securely_hashed_upon_creation" file="D:\6 Semester\AST\Project\tests\unit\User\UserTest.php" line="45" class="Tests\Unit\User\UserTest" classname="Tests.Unit.User.UserTest" assertions="2" time="0.049830"/>
      <testcase name="test_user_can_update_profile_name" file="D:\6 Semester\AST\Project\tests\unit\User\UserTest.php" line="57" class="Tests\Unit\User\UserTest" classname="Tests.Unit.User.UserTest" assertions="1" time="0.047306"/>
      <testcase name="test_user_cannot_update_to_an_existing_email" file="D:\6 Semester\AST\Project\tests\unit\User\UserTest.php" line="70" class="Tests\Unit\User\UserTest" classname="Tests.Unit.User.UserTest" assertions="2" time="0.078760"/>
    </testsuite>
    <testsuite name="Tests\Unit\RecurringExpense\RecurringExpenseTest" file="D:\6 Semester\AST\Project\tests\unit\RecurringExpense\RecurringExpenseTest.php" tests="5" assertions="7" errors="0" failures="0" skipped="0" time="0.296208">
      <testcase name="test_next_occurrence_date_is_calculated_correctly_monthly" file="D:\6 Semester\AST\Project\tests\unit\RecurringExpense\RecurringExpenseTest.php" line="16" class="Tests\Unit\RecurringExpense\RecurringExpenseTest" classname="Tests.Unit.RecurringExpense.RecurringExpenseTest" assertions="1" time="0.086524"/>
      <testcase name="test_recurring_expense_stops_generating_after_end_date" file="D:\6 Semester\AST\Project\tests\unit\RecurringExpense\RecurringExpenseTest.php" line="28" class="Tests\Unit\RecurringExpense\RecurringExpenseTest" classname="Tests.Unit.RecurringExpense.RecurringExpenseTest" assertions="1" time="0.047751"/>
      <testcase name="test_recurring_expense_validates_start_date_is_before_end_date" file="D:\6 Semester\AST\Project\tests\unit\RecurringExpense\RecurringExpenseTest.php" line="39" class="Tests\Unit\RecurringExpense\RecurringExpenseTest" classname="Tests.Unit.RecurringExpense.RecurringExpenseTest" assertions="2" time="0.053113"/>
      <testcase name="test_deleting_recurring_template_cascades_to_child_expenses" file="D:\6 Semester\AST\Project\tests\unit\RecurringExpense\RecurringExpenseTest.php" line="66" class="Tests\Unit\RecurringExpense\RecurringExpenseTest" classname="Tests.Unit.RecurringExpense.RecurringExpenseTest" assertions="1" time="0.060946"/>
      <testcase name="test_recurring_expense_frequency_accepts_valid_enums" file="D:\6 Semester\AST\Project\tests\unit\RecurringExpense\RecurringExpenseTest.php" line="87" class="Tests\Unit\RecurringExpense\RecurringExpenseTest" classname="Tests.Unit.RecurringExpense.RecurringExpenseTest" assertions="2" time="0.047874"/>
    </testsuite>
    <testsuite name="Tests\Unit\Expense\ExpenseTest" file="D:\6 Semester\AST\Project\tests\unit\Expense\ExpenseTest.php" tests="10" assertions="16" errors="0" failures="0" skipped="0" time="0.644098">
      <testcase name="test_is_recurring_returns_true_for_recurring_type" file="D:\6 Semester\AST\Project\tests\unit\Expense\ExpenseTest.php" line="19" class="Tests\Unit\Expense\ExpenseTest" classname="Tests.Unit.Expense.ExpenseTest" assertions="1" time="0.071067"/>
      <testcase name="test_is_recurring_returns_false_for_one_time_type" file="D:\6 Semester\AST\Project\tests\unit\Expense\ExpenseTest.php" line="27" class="Tests\Unit\Expense\ExpenseTest" classname="Tests.Unit.Expense.ExpenseTest" assertions="1" time="0.076213"/>
      <testcase name="test_scope_for_user_filters_by_user_id" file="D:\6 Semester\AST\Project\tests\unit\Expense\ExpenseTest.php" line="35" class="Tests\Unit\Expense\ExpenseTest" classname="Tests.Unit.Expense.ExpenseTest" assertions="1" time="0.093814"/>
      <testcase name="test_should_generate_next_occurrence_when_recurring_without_end_date" file="D:\6 Semester\AST\Project\tests\unit\Expense\ExpenseTest.php" line="48" class="Tests\Unit\Expense\ExpenseTest" classname="Tests.Unit.Expense.ExpenseTest" assertions="1" time="0.069643"/>
      <testcase name="test_should_not_generate_next_occurrence_when_end_date_passed" file="D:\6 Semester\AST\Project\tests\unit\Expense\ExpenseTest.php" line="58" class="Tests\Unit\Expense\ExpenseTest" classname="Tests.Unit.Expense.ExpenseTest" assertions="1" time="0.043049"/>
      <testcase name="test_expense_creation_fails_if_amount_is_zero_or_negative" file="D:\6 Semester\AST\Project\tests\unit\Expense\ExpenseTest.php" line="68" class="Tests\Unit\Expense\ExpenseTest" classname="Tests.Unit.Expense.ExpenseTest" assertions="4" time="0.037510"/>
      <testcase name="test_expense_soft_delete_sets_deleted_at_timestamp" file="D:\6 Semester\AST\Project\tests\unit\Expense\ExpenseTest.php" line="92" class="Tests\Unit\Expense\ExpenseTest" classname="Tests.Unit.Expense.ExpenseTest" assertions="2" time="0.045146"/>
      <testcase name="test_expense_retrieval_excludes_soft_deleted_records" file="D:\6 Semester\AST\Project\tests\unit\Expense\ExpenseTest.php" line="103" class="Tests\Unit\Expense\ExpenseTest" classname="Tests.Unit.Expense.ExpenseTest" assertions="2" time="0.087755"/>
      <testcase name="test_expense_creation_fails_if_title_is_empty" file="D:\6 Semester\AST\Project\tests\unit\Expense\ExpenseTest.php" line="113" class="Tests\Unit\Expense\ExpenseTest" classname="Tests.Unit.Expense.ExpenseTest" assertions="2" time="0.078876"/>
      <testcase name="test_expense_date_defaults_to_today_if_not_provided" file="D:\6 Semester\AST\Project\tests\unit\Expense\ExpenseTest.php" line="132" class="Tests\Unit\Expense\ExpenseTest" classname="Tests.Unit.Expense.ExpenseTest" assertions="1" time="0.041024"/>
    </testsuite>
    <testsuite name="Tests\Unit\Category\CategoryTest" file="D:\6 Semester\AST\Project\tests\unit\Category\CategoryTest.php" tests="10" assertions="14" errors="0" failures="0" skipped="0" time="0.502138">
      <testcase name="test_get_total_spent_for_month_sums_expenses" file="D:\6 Semester\AST\Project\tests\unit\Category\CategoryTest.php" line="30" class="Tests\Unit\Category\CategoryTest" classname="Tests.Unit.Category.CategoryTest" assertions="1" time="0.071744"/>
      <testcase name="test_get_total_spent_for_month_returns_zero_with_no_expenses" file="D:\6 Semester\AST\Project\tests\unit\Category\CategoryTest.php" line="50" class="Tests\Unit\Category\CategoryTest" classname="Tests.Unit.Category.CategoryTest" assertions="1" time="0.041246"/>
      <testcase name="test_get_total_spent_for_month_excludes_other_months" file="D:\6 Semester\AST\Project\tests\unit\Category\CategoryTest.php" line="56" class="Tests\Unit\Category\CategoryTest" classname="Tests.Unit.Category.CategoryTest" assertions="1" time="0.038910"/>
      <testcase name="test_get_total_spent_for_month_with_multiple_entries" file="D:\6 Semester\AST\Project\tests\unit\Category\CategoryTest.php" line="69" class="Tests\Unit\Category\CategoryTest" classname="Tests.Unit.Category.CategoryTest" assertions="1" time="0.038844"/>
      <testcase name="test_get_total_spent_for_month_excludes_other_categories" file="D:\6 Semester\AST\Project\tests\unit\Category\CategoryTest.php" line="84" class="Tests\Unit\Category\CategoryTest" classname="Tests.Unit.Category.CategoryTest" assertions="1" time="0.041480"/>
      <testcase name="test_category_name_must_be_unique_per_user" file="D:\6 Semester\AST\Project\tests\unit\Category\CategoryTest.php" line="99" class="Tests\Unit\Category\CategoryTest" classname="Tests.Unit.Category.CategoryTest" assertions="2" time="0.059272"/>
      <testcase name="test_category_cannot_be_deleted_if_it_has_linked_expenses" file="D:\6 Semester\AST\Project\tests\unit\Category\CategoryTest.php" line="123" class="Tests\Unit\Category\CategoryTest" classname="Tests.Unit.Category.CategoryTest" assertions="2" time="0.038455"/>
      <testcase name="test_category_can_be_deleted_if_it_has_no_expenses" file="D:\6 Semester\AST\Project\tests\unit\Category\CategoryTest.php" line="137" class="Tests\Unit\Category\CategoryTest" classname="Tests.Unit.Category.CategoryTest" assertions="1" time="0.043590"/>
      <testcase name="test_category_creation_fails_if_color_is_missing" file="D:\6 Semester\AST\Project\tests\unit\Category\CategoryTest.php" line="147" class="Tests\Unit\Category\CategoryTest" classname="Tests.Unit.Category.CategoryTest" assertions="2" time="0.052091"/>
      <testcase name="test_user_retrieves_only_their_own_categories" file="D:\6 Semester\AST\Project\tests\unit\Category\CategoryTest.php" line="166" class="Tests\Unit\Category\CategoryTest" classname="Tests.Unit.Category.CategoryTest" assertions="2" time="0.076507"/>
    </testsuite>
    <testsuite name="Tests\Unit\Budget\BudgetTest" file="D:\6 Semester\AST\Project\tests\unit\Budget\BudgetTest.php" tests="10" assertions="14" errors="0" failures="0" skipped="0" time="0.504343">
      <testcase name="test_is_not_over_budget_when_spent_is_less_than_amount" file="D:\6 Semester\AST\Project\tests\unit\Budget\BudgetTest.php" line="29" class="Tests\Unit\Budget\BudgetTest" classname="Tests.Unit.Budget.BudgetTest" assertions="1" time="0.058986"/>
      <testcase name="test_is_over_budget_when_spent_exceeds_amount" file="D:\6 Semester\AST\Project\tests\unit\Budget\BudgetTest.php" line="44" class="Tests\Unit\Budget\BudgetTest" classname="Tests.Unit.Budget.BudgetTest" assertions="1" time="0.039048"/>
      <testcase name="test_get_remaining_amount_returns_budget_minus_spent" file="D:\6 Semester\AST\Project\tests\unit\Budget\BudgetTest.php" line="59" class="Tests\Unit\Budget\BudgetTest" classname="Tests.Unit.Budget.BudgetTest" assertions="1" time="0.042220"/>
      <testcase name="test_get_spent_amount_only_includes_matching_category" file="D:\6 Semester\AST\Project\tests\unit\Budget\BudgetTest.php" line="74" class="Tests\Unit\Budget\BudgetTest" classname="Tests.Unit.Budget.BudgetTest" assertions="1" time="0.079898"/>
      <testcase name="test_get_spent_amount_is_zero_when_no_expenses" file="D:\6 Semester\AST\Project\tests\unit\Budget\BudgetTest.php" line="102" class="Tests\Unit\Budget\BudgetTest" classname="Tests.Unit.Budget.BudgetTest" assertions="1" time="0.070887"/>
      <testcase name="test_budget_creation_fails_if_amount_is_zero_or_negative" file="D:\6 Semester\AST\Project\tests\unit\Budget\BudgetTest.php" line="110" class="Tests\Unit\Budget\BudgetTest" classname="Tests.Unit.Budget.BudgetTest" assertions="4" time="0.059402"/>
      <testcase name="test_duplicate_budget_for_same_month_year_category_is_prevented" file="D:\6 Semester\AST\Project\tests\unit\Budget\BudgetTest.php" line="140" class="Tests\Unit\Budget\BudgetTest" classname="Tests.Unit.Budget.BudgetTest" assertions="2" time="0.042833"/>
      <testcase name="test_get_spent_amount_for_uncategorized_expenses" file="D:\6 Semester\AST\Project\tests\unit\Budget\BudgetTest.php" line="169" class="Tests\Unit\Budget\BudgetTest" classname="Tests.Unit.Budget.BudgetTest" assertions="1" time="0.037412"/>
      <testcase name="test_budget_remaining_is_zero_when_spent_equals_budget" file="D:\6 Semester\AST\Project\tests\unit\Budget\BudgetTest.php" line="191" class="Tests\Unit\Budget\BudgetTest" classname="Tests.Unit.Budget.BudgetTest" assertions="1" time="0.036588"/>
      <testcase name="test_budget_remaining_is_negative_when_over_budget" file="D:\6 Semester\AST\Project\tests\unit\Budget\BudgetTest.php" line="206" class="Tests\Unit\Budget\BudgetTest" classname="Tests.Unit.Budget.BudgetTest" assertions="1" time="0.037070"/>
    </testsuite>
    <testsuite name="Tests\Unit\BudgetAIService\BudgetAIServiceTest" file="D:\6 Semester\AST\Project\tests\unit\BudgetAIService\BudgetAIServiceTest.php" tests="8" assertions="18" errors="0" failures="0" skipped="0" time="0.378123">
      <testcase name="test_has_enough_historical_data_when_more_than_five_expenses" file="D:\6 Semester\AST\Project\tests\unit\BudgetAIService\BudgetAIServiceTest.php" line="32" class="Tests\Unit\BudgetAIService\BudgetAIServiceTest" classname="Tests.Unit.BudgetAIService.BudgetAIServiceTest" assertions="1" time="0.061796"/>
      <testcase name="test_has_not_enough_historical_data_when_four_or_fewer_expenses" file="D:\6 Semester\AST\Project\tests\unit\BudgetAIService\BudgetAIServiceTest.php" line="45" class="Tests\Unit\BudgetAIService\BudgetAIServiceTest" classname="Tests.Unit.BudgetAIService.BudgetAIServiceTest" assertions="1" time="0.047696"/>
      <testcase name="test_get_budget_recommendation_returns_null_without_history" file="D:\6 Semester\AST\Project\tests\unit\BudgetAIService\BudgetAIServiceTest.php" line="58" class="Tests\Unit\BudgetAIService\BudgetAIServiceTest" classname="Tests.Unit.BudgetAIService.BudgetAIServiceTest" assertions="1" time="0.034350"/>
      <testcase name="test_get_budget_recommendation_parses_valid_gemini_json" file="D:\6 Semester\AST\Project\tests\unit\BudgetAIService\BudgetAIServiceTest.php" line="66" class="Tests\Unit\BudgetAIService\BudgetAIServiceTest" classname="Tests.Unit.BudgetAIService.BudgetAIServiceTest" assertions="4" time="0.051703"/>
      <testcase name="test_get_budget_recommendation_uses_fallback_on_invalid_response" file="D:\6 Semester\AST\Project\tests\unit\BudgetAIService\BudgetAIServiceTest.php" line="95" class="Tests\Unit\BudgetAIService\BudgetAIServiceTest" classname="Tests.Unit.BudgetAIService.BudgetAIServiceTest" assertions="4" time="0.045362"/>
      <testcase name="test_ai_service_handles_api_timeout_gracefully" file="D:\6 Semester\AST\Project\tests\unit\BudgetAIService\BudgetAIServiceTest.php" line="122" class="Tests\Unit\BudgetAIService\BudgetAIServiceTest" classname="Tests.Unit.BudgetAIService.BudgetAIServiceTest" assertions="3" time="0.054038"/>
      <testcase name="test_ai_service_handles_empty_api_response" file="D:\6 Semester\AST\Project\tests\unit\BudgetAIService\BudgetAIServiceTest.php" line="138" class="Tests\Unit\BudgetAIService\BudgetAIServiceTest" classname="Tests.Unit.BudgetAIService.BudgetAIServiceTest" assertions="3" time="0.041429"/>
      <testcase name="test_historical_data_filter_ignores_future_dates" file="D:\6 Semester\AST\Project\tests\unit\BudgetAIService\BudgetAIServiceTest.php" line="164" class="Tests\Unit\BudgetAIService\BudgetAIServiceTest" classname="Tests.Unit.BudgetAIService.BudgetAIServiceTest" assertions="1" time="0.041750"/>
    </testsuite>
  </testsuite>
</testsuites>
